<?xml version="1.0" encoding="UTF-8"?>
<testng-results skipped="0" failed="0" total="6" passed="6">
  <reporter-output>
  </reporter-output>
  <suite name="Suite" duration-ms="57456" started-at="2021-03-12T06:24:08Z" finished-at="2021-03-12T06:25:06Z">
    <groups>
    </groups>
    <test name="Test" duration-ms="57456" started-at="2021-03-12T06:24:08Z" finished-at="2021-03-12T06:25:06Z">
      <class name="Planit.planitAssessment">
        <test-method status="PASS" signature="launchBrowser()[pri:0, instance:Planit.planitAssessment@50c87b21]" name="launchBrowser" duration-ms="9130" started-at="2021-03-12T11:54:08Z" finished-at="2021-03-12T11:54:17Z">
          <reporter-output>
          </reporter-output>
        </test-method> <!-- launchBrowser -->
        <test-method status="PASS" signature="loginCredentials()[pri:0, instance:Planit.planitAssessment@50c87b21]" name="loginCredentials" duration-ms="1498" started-at="2021-03-12T11:54:17Z" depends-on-methods="Planit.planitAssessment.launchBrowser" finished-at="2021-03-12T11:54:19Z">
          <reporter-output>
          </reporter-output>
        </test-method> <!-- loginCredentials -->
        <test-method status="PASS" signature="shoppingCart()[pri:0, instance:Planit.planitAssessment@50c87b21]" name="shoppingCart" duration-ms="13500" started-at="2021-03-12T11:54:19Z" depends-on-methods="Planit.planitAssessment.loginCredentials" finished-at="2021-03-12T11:54:32Z">
          <reporter-output>
          </reporter-output>
        </test-method> <!-- shoppingCart -->
        <test-method status="PASS" signature="addBooktoCart()[pri:0, instance:Planit.planitAssessment@50c87b21]" name="addBooktoCart" duration-ms="6422" started-at="2021-03-12T11:54:32Z" depends-on-methods="Planit.planitAssessment.shoppingCart" finished-at="2021-03-12T11:54:39Z">
          <reporter-output>
          </reporter-output>
        </test-method> <!-- addBooktoCart -->
        <test-method status="PASS" signature="toprightShoppingCart()[pri:0, instance:Planit.planitAssessment@50c87b21]" name="toprightShoppingCart" duration-ms="7566" started-at="2021-03-12T11:54:39Z" depends-on-methods="Planit.planitAssessment.addBooktoCart" finished-at="2021-03-12T11:54:46Z">
          <reporter-output>
          </reporter-output>
        </test-method> <!-- toprightShoppingCart -->
        <test-method status="PASS" signature="billingAddress()[pri:0, instance:Planit.planitAssessment@50c87b21]" name="billingAddress" duration-ms="19294" started-at="2021-03-12T11:54:46Z" depends-on-methods="Planit.planitAssessment.toprightShoppingCart" finished-at="2021-03-12T11:55:06Z">
          <reporter-output>
          </reporter-output>
        </test-method> <!-- billingAddress -->
      </class> <!-- Planit.planitAssessment -->
    </test> <!-- Test -->
  </suite> <!-- Suite -->
</testng-results>
