<?xml version="1.0" encoding="UTF-8"?>
<!-- Generated by org.testng.reporters.JUnitXMLReporter -->
<testsuite hostname="DESKTOP-UQPPS22" name="Test" tests="6" failures="0" timestamp="12 Mar 2021 06:25:06 GMT" time="57.456" errors="0">
  <testcase name="launchBrowser" time="9.13" classname="Planit.planitAssessment"/>
  <testcase name="loginCredentials" time="1.498" classname="Planit.planitAssessment"/>
  <testcase name="shoppingCart" time="13.5" classname="Planit.planitAssessment"/>
  <testcase name="addBooktoCart" time="6.422" classname="Planit.planitAssessment"/>
  <testcase name="toprightShoppingCart" time="7.566" classname="Planit.planitAssessment"/>
  <testcase name="billingAddress" time="19.294" classname="Planit.planitAssessment"/>
</testsuite> <!-- Test -->
